#
# There is insufficient memory for the Java Runtime Environment to continue.
# Native memory allocation (malloc) failed to allocate 2177776 bytes for Chunk::new
# Possible reasons:
#   The system is out of physical RAM or swap space
#   In 32 bit mode, the process size limit was hit
# Possible solutions:
#   Reduce memory load on the system
#   Increase physical memory or swap space
#   Check if swap backing store is full
#   Use 64 bit Java on a 64 bit OS
#   Decrease Java heap size (-Xmx/-Xms)
#   Decrease number of Java threads
#   Decrease Java thread stack sizes (-Xss)
#   Set larger code cache with -XX:ReservedCodeCacheSize=
# This output file may be truncated or incomplete.
#
#  Out of Memory Error (allocation.cpp:390), pid=1112, tid=0x00000000000010c0
#
# JRE version: OpenJDK Runtime Environment (8.0_152-b01) (build 1.8.0_152-release-1343-b01)
# Java VM: OpenJDK 64-Bit Server VM (25.152-b01 mixed mode windows-amd64 compressed oops)
# Failed to write core dump. Minidumps are not enabled by default on client versions of Windows
#

---------------  T H R E A D  ---------------

Current thread (0x0000000018c9d000):  JavaThread "C2 CompilerThread0" daemon [_thread_in_native, id=4288, stack(0x0000000019470000,0x0000000019570000)]

Stack: [0x0000000019470000,0x0000000019570000]
[error occurred during error reporting (printing stack bounds), id 0xc0000005]

Native frames: (J=compiled Java code, j=interpreted, Vv=VM code, C=native code)


Current CompileTask:
C2:   2593 1367       4       java.net.URLClassLoader$1::run (5 bytes)


---------------  P R O C E S S  ---------------

Java Threads: ( => current thread )
  0x000000001aa60800 JavaThread "Cache worker for file hash cache (C:\Users\Shivam Gaba\Desktop\CompareIt\.gradle\5.1.1\fileHashes)" [_thread_blocked, id=2764, stack(0x000000001e8a0000,0x000000001e9a0000)]
  0x000000001aa5e800 JavaThread "Cache worker for journal cache (C:\Users\Shivam Gaba\.gradle\caches\journal-1)" [_thread_blocked, id=11700, stack(0x000000001d5d0000,0x000000001d6d0000)]
  0x000000001b67f800 JavaThread "File lock request listener" [_thread_in_native, id=8012, stack(0x000000001d4d0000,0x000000001d5d0000)]
  0x000000001b54c800 JavaThread "Cache worker for file hash cache (C:\Users\Shivam Gaba\.gradle\caches\5.1.1\fileHashes)" [_thread_blocked, id=6076, stack(0x000000001d3d0000,0x000000001d4d0000)]
  0x000000001b148800 JavaThread "Thread-8" [_thread_blocked, id=12292, stack(0x000000001d2d0000,0x000000001d3d0000)]
  0x000000001b552000 JavaThread "Stdin handler" [_thread_blocked, id=12244, stack(0x000000001d1d0000,0x000000001d2d0000)]
  0x000000001b551800 JavaThread "Asynchronous log dispatcher for DefaultDaemonConnection: socket connection from /127.0.0.1:51680 to /127.0.0.1:51681" [_thread_blocked, id=8372, stack(0x000000001d0d0000,0x000000001d1d0000)]
  0x000000001b550000 JavaThread "Daemon worker" [_thread_in_vm, id=1052, stack(0x000000001cfd0000,0x000000001d0d0000)]
  0x000000001b159000 JavaThread "Cancel handler" [_thread_blocked, id=7416, stack(0x000000001ced0000,0x000000001cfd0000)]
  0x000000001b3b8000 JavaThread "Handler for socket connection from /127.0.0.1:51680 to /127.0.0.1:51681" [_thread_in_native, id=10768, stack(0x000000001cbd0000,0x000000001ccd0000)]
  0x000000001abd4000 JavaThread "Daemon" [_thread_blocked, id=1796, stack(0x000000001cad0000,0x000000001cbd0000)]
  0x000000001b45b000 JavaThread "Daemon periodic checks" [_thread_blocked, id=12716, stack(0x000000001c9d0000,0x000000001cad0000)]
  0x000000001ae22800 JavaThread "Incoming local TCP Connector on port 51680" [_thread_in_native, id=8408, stack(0x000000001c790000,0x000000001c890000)]
  0x0000000018d2e800 JavaThread "Service Thread" daemon [_thread_blocked, id=6012, stack(0x0000000019870000,0x0000000019970000)]
  0x0000000016d9d800 JavaThread "C1 CompilerThread3" daemon [_thread_blocked, id=3640, stack(0x0000000019770000,0x0000000019870000)]
  0x0000000018ca5800 JavaThread "C2 CompilerThread2" daemon [_thread_blocked, id=9528, stack(0x0000000019670000,0x0000000019770000)]
  0x0000000018ca3800 JavaThread "C2 CompilerThread1" daemon [_thread_in_native, id=7348, stack(0x0000000019570000,0x0000000019670000)]
=>0x0000000018c9d000 JavaThread "C2 CompilerThread0" daemon [_thread_in_native, id=4288, stack(0x0000000019470000,0x0000000019570000)]
  0x0000000018c9c000 JavaThread "Attach Listener" daemon [_thread_blocked, id=12360, stack(0x0000000019370000,0x0000000019470000)]
  0x0000000018c9b000 JavaThread "Signal Dispatcher" daemon [_thread_blocked, id=9100, stack(0x0000000019270000,0x0000000019370000)]
  0x0000000002fcd800 JavaThread "Finalizer" daemon [_thread_blocked, id=1696, stack(0x0000000019070000,0x0000000019170000)]
  0x0000000016d8c800 JavaThread "Reference Handler" daemon [_thread_blocked, id=12436, stack(0x0000000018b70000,0x0000000018c70000)]
  0x0000000002eae000 JavaThread "main" [_thread_blocked, id=7336, stack(0x0000000002da0000,0x0000000002ea0000)]

Other Threads:
  0x0000000016d86800 VMThread [stack: 0x0000000018a70000,0x0000000018b70000] [id=9256]
  0x0000000018d2f000 WatcherThread [stack: 0x0000000019970000,0x0000000019a70000] [id=12572]

VM state:not at safepoint (normal execution)

VM Mutex/Monitor currently owned by a thread: None

Heap:
 PSYoungGen      total 38400K, used 21706K [0x00000000e0000000, 0x00000000e2a80000, 0x0000000100000000)
  eden space 33280K, 49% used [0x00000000e0000000,0x00000000e1036be8,0x00000000e2080000)
  from space 5120K, 99% used [0x00000000e2580000,0x00000000e2a7c010,0x00000000e2a80000)
  to   space 5120K, 0% used [0x00000000e2080000,0x00000000e2080000,0x00000000e2580000)
 ParOldGen       total 87552K, used 4919K [0x00000000a0000000, 0x00000000a5580000, 0x00000000e0000000)
  object space 87552K, 5% used [0x00000000a0000000,0x00000000a04cdff8,0x00000000a5580000)
 Metaspace       used 17271K, capacity 17642K, committed 17792K, reserved 1064960K
  class space    used 2502K, capacity 2649K, committed 2688K, reserved 1048576K

Card table byte_map: [0x0000000012390000,0x00000000126a0000] byte_map_base: 0x0000000011e90000

Marking Bits: (ParMarkBitMap*) 0x0000000068bb5aa0
 Begin Bits: [0x00000000130a0000, 0x00000000148a0000)
 End Bits:   [0x00000000148a0000, 0x00000000160a0000)

Polling page: 0x00000000015a0000

CodeCache: size=245760Kb used=5450Kb max_used=5450Kb free=240309Kb
 bounds [0x0000000002fd0000, 0x0000000003530000, 0x0000000011fd0000]
 total_blobs=1939 nmethods=1543 adapters=309
 compilation: enabled

Compilation events (10 events):
Event: 2.577 Thread 0x0000000016d9d800 1542   !   3       org.gradle.internal.service.MethodHandleBasedServiceMethodFactory::toServiceMethod (51 bytes)
Event: 2.577 Thread 0x0000000016d9d800 nmethod 1542 0x000000000351e610 code [0x000000000351e8a0, 0x000000000351fa88]
Event: 2.577 Thread 0x0000000016d9d800 1537       3       sun.reflect.generics.parser.SignatureParser::parseClassTypeSignature (118 bytes)
Event: 2.579 Thread 0x0000000016d9d800 nmethod 1537 0x0000000003520490 code [0x0000000003520820, 0x0000000003522228]
Event: 2.579 Thread 0x0000000016d9d800 1546       3       jdk.internal.org.objectweb.asm.Type::getArgumentTypes (131 bytes)
Event: 2.579 Thread 0x0000000016d9d800 nmethod 1546 0x0000000003523190 code [0x0000000003523360, 0x0000000003523c38]
Event: 2.579 Thread 0x0000000016d9d800 1545       3       jdk.internal.org.objectweb.asm.Label::<init> (5 bytes)
Event: 2.579 Thread 0x0000000016d9d800 nmethod 1545 0x0000000003523fd0 code [0x0000000003524120, 0x00000000035242d0]
Event: 2.579 Thread 0x0000000016d9d800 1544       3       java.lang.invoke.InvokerBytecodeGenerator::assertStaticType (58 bytes)
Event: 2.579 Thread 0x0000000016d9d800 nmethod 1544 0x0000000003524390 code [0x0000000003524520, 0x0000000003524b78]

GC Heap History (8 events):
Event: 0.590 GC heap before
{Heap before GC invocations=1 (full 0):
 PSYoungGen      total 38400K, used 33280K [0x00000000e0000000, 0x00000000e2a80000, 0x0000000100000000)
  eden space 33280K, 100% used [0x00000000e0000000,0x00000000e2080000,0x00000000e2080000)
  from space 5120K, 0% used [0x00000000e2580000,0x00000000e2580000,0x00000000e2a80000)
  to   space 5120K, 0% used [0x00000000e2080000,0x00000000e2080000,0x00000000e2580000)
 ParOldGen       total 87552K, used 0K [0x00000000a0000000, 0x00000000a5580000, 0x00000000e0000000)
  object space 87552K, 0% used [0x00000000a0000000,0x00000000a0000000,0x00000000a5580000)
 Metaspace       used 6931K, capacity 7110K, committed 7424K, reserved 1056768K
  class space    used 844K, capacity 907K, committed 1024K, reserved 1048576K
Event: 0.594 GC heap after
Heap after GC invocations=1 (full 0):
 PSYoungGen      total 38400K, used 4253K [0x00000000e0000000, 0x00000000e2a80000, 0x0000000100000000)
  eden space 33280K, 0% used [0x00000000e0000000,0x00000000e0000000,0x00000000e2080000)
  from space 5120K, 83% used [0x00000000e2080000,0x00000000e24a7478,0x00000000e2580000)
  to   space 5120K, 0% used [0x00000000e2580000,0x00000000e2580000,0x00000000e2a80000)
 ParOldGen       total 87552K, used 8K [0x00000000a0000000, 0x00000000a5580000, 0x00000000e0000000)
  object space 87552K, 0% used [0x00000000a0000000,0x00000000a0002000,0x00000000a5580000)
 Metaspace       used 6931K, capacity 7110K, committed 7424K, reserved 1056768K
  class space    used 844K, capacity 907K, committed 1024K, reserved 1048576K
}
Event: 0.871 GC heap before
{Heap before GC invocations=2 (full 0):
 PSYoungGen      total 38400K, used 37533K [0x00000000e0000000, 0x00000000e2a80000, 0x0000000100000000)
  eden space 33280K, 100% used [0x00000000e0000000,0x00000000e2080000,0x00000000e2080000)
  from space 5120K, 83% used [0x00000000e2080000,0x00000000e24a7478,0x00000000e2580000)
  to   space 5120K, 0% used [0x00000000e2580000,0x00000000e2580000,0x00000000e2a80000)
 ParOldGen       total 87552K, used 8K [0x00000000a0000000, 0x00000000a5580000, 0x00000000e0000000)
  object space 87552K, 0% used [0x00000000a0000000,0x00000000a0002000,0x00000000a5580000)
 Metaspace       used 8504K, capacity 8736K, committed 8960K, reserved 1056768K
  class space    used 1090K, capacity 1172K, committed 1280K, reserved 1048576K
Event: 0.875 GC heap after
Heap after GC invocations=2 (full 0):
 PSYoungGen      total 38400K, used 4396K [0x00000000e0000000, 0x00000000e2a80000, 0x0000000100000000)
  eden space 33280K, 0% used [0x00000000e0000000,0x00000000e0000000,0x00000000e2080000)
  from space 5120K, 85% used [0x00000000e2580000,0x00000000e29cb3c8,0x00000000e2a80000)
  to   space 5120K, 0% used [0x00000000e2080000,0x00000000e2080000,0x00000000e2580000)
 ParOldGen       total 87552K, used 16K [0x00000000a0000000, 0x00000000a5580000, 0x00000000e0000000)
  object space 87552K, 0% used [0x00000000a0000000,0x00000000a0004000,0x00000000a5580000)
 Metaspace       used 8504K, capacity 8736K, committed 8960K, reserved 1056768K
  class space    used 1090K, capacity 1172K, committed 1280K, reserved 1048576K
}
Event: 2.154 GC heap before
{Heap before GC invocations=3 (full 0):
 PSYoungGen      total 38400K, used 37676K [0x00000000e0000000, 0x00000000e2a80000, 0x0000000100000000)
  eden space 33280K, 100% used [0x00000000e0000000,0x00000000e2080000,0x00000000e2080000)
  from space 5120K, 85% used [0x00000000e2580000,0x00000000e29cb3c8,0x00000000e2a80000)
  to   space 5120K, 0% used [0x00000000e2080000,0x00000000e2080000,0x00000000e2580000)
 ParOldGen       total 87552K, used 16K [0x00000000a0000000, 0x00000000a5580000, 0x00000000e0000000)
  object space 87552K, 0% used [0x00000000a0000000,0x00000000a0004000,0x00000000a5580000)
 Metaspace       used 13110K, capacity 13432K, committed 13568K, reserved 1060864K
  class space    used 1805K, capacity 1966K, committed 2048K, reserved 1048576K
Event: 2.164 GC heap after
Heap after GC invocations=3 (full 0):
 PSYoungGen      total 38400K, used 5104K [0x00000000e0000000, 0x00000000e2a80000, 0x0000000100000000)
  eden space 33280K, 0% used [0x00000000e0000000,0x00000000e0000000,0x00000000e2080000)
  from space 5120K, 99% used [0x00000000e2080000,0x00000000e257c1f8,0x00000000e2580000)
  to   space 5120K, 0% used [0x00000000e2580000,0x00000000e2580000,0x00000000e2a80000)
 ParOldGen       total 87552K, used 1830K [0x00000000a0000000, 0x00000000a5580000, 0x00000000e0000000)
  object space 87552K, 2% used [0x00000000a0000000,0x00000000a01c99d8,0x00000000a5580000)
 Metaspace       used 13110K, capacity 13432K, committed 13568K, reserved 1060864K
  class space    used 1805K, capacity 1966K, committed 2048K, reserved 1048576K
}
Event: 2.438 GC heap before
{Heap before GC invocations=4 (full 0):
 PSYoungGen      total 38400K, used 38384K [0x00000000e0000000, 0x00000000e2a80000, 0x0000000100000000)
  eden space 33280K, 100% used [0x00000000e0000000,0x00000000e2080000,0x00000000e2080000)
  from space 5120K, 99% used [0x00000000e2080000,0x00000000e257c1f8,0x00000000e2580000)
  to   space 5120K, 0% used [0x00000000e2580000,0x00000000e2580000,0x00000000e2a80000)
 ParOldGen       total 87552K, used 1830K [0x00000000a0000000, 0x00000000a5580000, 0x00000000e0000000)
  object space 87552K, 2% used [0x00000000a0000000,0x00000000a01c99d8,0x00000000a5580000)
 Metaspace       used 15831K, capacity 16200K, committed 16256K, reserved 1062912K
  class space    used 2264K, capacity 2424K, committed 2432K, reserved 1048576K
Event: 2.444 GC heap after
Heap after GC invocations=4 (full 0):
 PSYoungGen      total 38400K, used 5104K [0x00000000e0000000, 0x00000000e2a80000, 0x0000000100000000)
  eden space 33280K, 0% used [0x00000000e0000000,0x00000000e0000000,0x00000000e2080000)
  from space 5120K, 99% used [0x00000000e2580000,0x00000000e2a7c010,0x00000000e2a80000)
  to   space 5120K, 0% used [0x00000000e2080000,0x00000000e2080000,0x00000000e2580000)
 ParOldGen       total 87552K, used 4919K [0x00000000a0000000, 0x00000000a5580000, 0x00000000e0000000)
  object space 87552K, 5% used [0x00000000a0000000,0x00000000a04cdff8,0x00000000a5580000)
 Metaspace       used 15831K, capacity 16200K, committed 16256K, reserved 1062912K
  class space    used 2264K, capacity 2424K, committed 2432K, reserved 1048576K
}

Deoptimization events (10 events):
Event: 2.033 Thread 0x000000001b550000 Uncommon trap: reason=bimorphic action=maybe_recompile pc=0x00000000032a02cc method=java.util.HashMap.putVal(ILjava/lang/Object;Ljava/lang/Object;ZZ)Ljava/lang/Object; @ 253
Event: 2.033 Thread 0x000000001b550000 Uncommon trap: reason=bimorphic action=maybe_recompile pc=0x00000000032a02cc method=java.util.HashMap.putVal(ILjava/lang/Object;Ljava/lang/Object;ZZ)Ljava/lang/Object; @ 253
Event: 2.033 Thread 0x000000001b550000 Uncommon trap: reason=bimorphic action=maybe_recompile pc=0x00000000032a02cc method=java.util.HashMap.putVal(ILjava/lang/Object;Ljava/lang/Object;ZZ)Ljava/lang/Object; @ 253
Event: 2.033 Thread 0x000000001b550000 Uncommon trap: reason=bimorphic action=maybe_recompile pc=0x00000000032a02cc method=java.util.HashMap.putVal(ILjava/lang/Object;Ljava/lang/Object;ZZ)Ljava/lang/Object; @ 253
Event: 2.033 Thread 0x000000001b550000 Uncommon trap: reason=bimorphic action=maybe_recompile pc=0x000000000329a360 method=java.util.HashMap.putVal(ILjava/lang/Object;Ljava/lang/Object;ZZ)Ljava/lang/Object; @ 253
Event: 2.167 Thread 0x000000001b550000 Uncommon trap: reason=class_check action=maybe_recompile pc=0x00000000032b8158 method=java.util.regex.Matcher.match(II)Z @ 86
Event: 2.180 Thread 0x000000001b550000 Uncommon trap: reason=class_check action=maybe_recompile pc=0x00000000032b8158 method=java.util.regex.Matcher.match(II)Z @ 86
Event: 2.181 Thread 0x000000001b550000 Uncommon trap: reason=class_check action=maybe_recompile pc=0x00000000032b8158 method=java.util.regex.Matcher.match(II)Z @ 86
Event: 2.181 Thread 0x000000001b550000 Uncommon trap: reason=class_check action=maybe_recompile pc=0x000000000327915c method=java.util.regex.Matcher.match(II)Z @ 86
Event: 2.358 Thread 0x000000001b550000 Uncommon trap: reason=unstable_if action=reinterpret pc=0x00000000033dc5f4 method=java.lang.String.lastIndexOf([CII[CIII)I @ 66

Classes redefined (0 events):
No events

Internal exceptions (10 events):
Event: 1.990 Thread 0x000000001b3b8000 Exception <a 'java/lang/NoSuchMethodError': <clinit>> (0x00000000e0bb2fb8) thrown at [D:\src\AOSP-openjdk-cygwin\jdk8u\hotspot\src\share\vm\prims\jni.cpp, line 1613]
Event: 1.993 Thread 0x000000001b3b8000 Exception <a 'java/lang/NoSuchMethodError': <clinit>> (0x00000000e0bc6078) thrown at [D:\src\AOSP-openjdk-cygwin\jdk8u\hotspot\src\share\vm\prims\jni.cpp, line 1613]
Event: 1.996 Thread 0x000000001b3b8000 Exception <a 'java/lang/NoSuchMethodError': <clinit>> (0x00000000e0beceb0) thrown at [D:\src\AOSP-openjdk-cygwin\jdk8u\hotspot\src\share\vm\prims\jni.cpp, line 1613]
Event: 1.997 Thread 0x000000001b3b8000 Exception <a 'java/lang/NoSuchMethodError': <clinit>> (0x00000000e0c04b30) thrown at [D:\src\AOSP-openjdk-cygwin\jdk8u\hotspot\src\share\vm\prims\jni.cpp, line 1613]
Event: 1.998 Thread 0x000000001b3b8000 Exception <a 'java/lang/NoSuchMethodError': <clinit>> (0x00000000e0c0d5f8) thrown at [D:\src\AOSP-openjdk-cygwin\jdk8u\hotspot\src\share\vm\prims\jni.cpp, line 1613]
Event: 2.000 Thread 0x000000001b3b8000 Exception <a 'java/lang/NoSuchMethodError': <clinit>> (0x00000000e0c23860) thrown at [D:\src\AOSP-openjdk-cygwin\jdk8u\hotspot\src\share\vm\prims\jni.cpp, line 1613]
Event: 2.005 Thread 0x000000001b3b8000 Exception <a 'java/lang/NoSuchMethodError': <clinit>> (0x00000000e0c81198) thrown at [D:\src\AOSP-openjdk-cygwin\jdk8u\hotspot\src\share\vm\prims\jni.cpp, line 1613]
Event: 2.008 Thread 0x000000001b3b8000 Exception <a 'java/lang/NoSuchMethodError': <clinit>> (0x00000000e0cad670) thrown at [D:\src\AOSP-openjdk-cygwin\jdk8u\hotspot\src\share\vm\prims\jni.cpp, line 1613]
Event: 2.011 Thread 0x000000001b3b8000 Exception <a 'java/lang/NoSuchMethodError': <clinit>> (0x00000000e0cdb0c8) thrown at [D:\src\AOSP-openjdk-cygwin\jdk8u\hotspot\src\share\vm\prims\jni.cpp, line 1613]
Event: 2.012 Thread 0x000000001b3b8000 Exception <a 'java/lang/NoSuchMethodError': <clinit>> (0x00000000e0ce6468) thrown at [D:\src\AOSP-openjdk-cygwin\jdk8u\hotspot\src\share\vm\prims\jni.cpp, line 1613]

Events (10 events):
Event: 2.591 loading class org/gradle/internal/scan/config/BuildScanConfigManager
Event: 2.591 loading class org/gradle/internal/scan/config/BuildScanConfigManager done
Event: 2.591 loading class org/gradle/internal/scan/config/BuildScanConfigInit
Event: 2.591 loading class org/gradle/internal/scan/config/BuildScanConfigInit done
Event: 2.591 loading class org/gradle/internal/scan/config/BuildScanConfigProvider
Event: 2.591 loading class org/gradle/internal/scan/config/BuildScanConfigProvider done
Event: 2.591 loading class org/gradle/internal/scan/config/BuildScanPluginApplied
Event: 2.591 loading class org/gradle/internal/scan/config/BuildScanPluginApplied done
Event: 2.591 loading class org/gradle/internal/scan/config/BuildScanConfig$Attributes
Event: 2.591 loading class org/gradle/internal/scan/config/BuildScanConfig$Attributes done


Dynamic libraries:
0x00007ff62bf40000 - 0x00007ff62bf71000 	C:\Program Files\Android\Android Studio\jre\bin\java.exe
0x00007ffb992c0000 - 0x00007ffb994b0000 	C:\WINDOWS\SYSTEM32\ntdll.dll
0x00007ffb98f80000 - 0x00007ffb99032000 	C:\WINDOWS\System32\KERNEL32.DLL
0x00007ffb96250000 - 0x00007ffb964f3000 	C:\WINDOWS\System32\KERNELBASE.dll
0x00007ffb980e0000 - 0x00007ffb98183000 	C:\WINDOWS\System32\ADVAPI32.dll
0x00007ffb98400000 - 0x00007ffb9849e000 	C:\WINDOWS\System32\msvcrt.dll
0x00007ffb97800000 - 0x00007ffb97897000 	C:\WINDOWS\System32\sechost.dll
0x00007ffb982e0000 - 0x00007ffb98400000 	C:\WINDOWS\System32\RPCRT4.dll
0x00007ffb98770000 - 0x00007ffb98904000 	C:\WINDOWS\System32\USER32.dll
0x00007ffb968b0000 - 0x00007ffb968d1000 	C:\WINDOWS\System32\win32u.dll
0x00007ffb984a0000 - 0x00007ffb984c6000 	C:\WINDOWS\System32\GDI32.dll
0x00007ffb96960000 - 0x00007ffb96af4000 	C:\WINDOWS\System32\gdi32full.dll
0x00007ffb972d0000 - 0x00007ffb9736e000 	C:\WINDOWS\System32\msvcp_win.dll
0x00007ffb96650000 - 0x00007ffb9674a000 	C:\WINDOWS\System32\ucrtbase.dll
0x00007ffb886c0000 - 0x00007ffb88945000 	C:\WINDOWS\WinSxS\amd64_microsoft.windows.common-controls_6595b64144ccf1df_6.0.18362.535_none_e6c3b34713100821\COMCTL32.dll
0x00007ffb97370000 - 0x00007ffb976a6000 	C:\WINDOWS\System32\combase.dll
0x00007ffb968e0000 - 0x00007ffb96960000 	C:\WINDOWS\System32\bcryptPrimitives.dll
0x00007ffb977d0000 - 0x00007ffb977fe000 	C:\WINDOWS\System32\IMM32.DLL
0x0000000068310000 - 0x00000000683e2000 	C:\Program Files\Android\Android Studio\jre\jre\bin\msvcr100.dll
0x00000000683f0000 - 0x0000000068c31000 	C:\Program Files\Android\Android Studio\jre\jre\bin\server\jvm.dll
0x00007ffb97710000 - 0x00007ffb97718000 	C:\WINDOWS\System32\PSAPI.DLL
0x00007ffb919f0000 - 0x00007ffb919f9000 	C:\WINDOWS\SYSTEM32\WSOCK32.dll
0x00007ffb919e0000 - 0x00007ffb919ea000 	C:\WINDOWS\SYSTEM32\VERSION.dll
0x00007ffb94470000 - 0x00007ffb94494000 	C:\WINDOWS\SYSTEM32\WINMM.dll
0x00007ffb98910000 - 0x00007ffb9897f000 	C:\WINDOWS\System32\WS2_32.dll
0x00007ffb94030000 - 0x00007ffb9405d000 	C:\WINDOWS\SYSTEM32\WINMMBASE.dll
0x00007ffb96b00000 - 0x00007ffb96b4a000 	C:\WINDOWS\System32\cfgmgr32.dll
0x00007ffb8f3d0000 - 0x00007ffb8f3df000 	C:\Program Files\Android\Android Studio\jre\jre\bin\verify.dll
0x00007ffb87bc0000 - 0x00007ffb87be9000 	C:\Program Files\Android\Android Studio\jre\jre\bin\java.dll
0x00007ffb87ba0000 - 0x00007ffb87bb6000 	C:\Program Files\Android\Android Studio\jre\jre\bin\zip.dll
0x00007ffb978a0000 - 0x00007ffb97f85000 	C:\WINDOWS\System32\SHELL32.dll
0x00007ffb98a60000 - 0x00007ffb98b09000 	C:\WINDOWS\System32\shcore.dll
0x00007ffb96b50000 - 0x00007ffb972cf000 	C:\WINDOWS\System32\windows.storage.dll
0x00007ffb96210000 - 0x00007ffb9622f000 	C:\WINDOWS\System32\profapi.dll
0x00007ffb961c0000 - 0x00007ffb9620a000 	C:\WINDOWS\System32\powrprof.dll
0x00007ffb96190000 - 0x00007ffb961a0000 	C:\WINDOWS\System32\UMPDC.dll
0x00007ffb976b0000 - 0x00007ffb97702000 	C:\WINDOWS\System32\shlwapi.dll
0x00007ffb96230000 - 0x00007ffb96241000 	C:\WINDOWS\System32\kernel.appcore.dll
0x00007ffb96830000 - 0x00007ffb96847000 	C:\WINDOWS\System32\cryptsp.dll
0x00007ffb87b80000 - 0x00007ffb87b9a000 	C:\Program Files\Android\Android Studio\jre\jre\bin\net.dll
0x00007ffb959a0000 - 0x00007ffb95a07000 	C:\WINDOWS\system32\mswsock.dll
0x00007ffb87b60000 - 0x00007ffb87b71000 	C:\Program Files\Android\Android Studio\jre\jre\bin\nio.dll
0x00007ffb89300000 - 0x00007ffb8931e000 	C:\Users\Shivam Gaba\.gradle\native\25\windows-amd64\native-platform.dll
0x00007ffb8f3c0000 - 0x00007ffb8f3cd000 	C:\Program Files\Android\Android Studio\jre\jre\bin\management.dll
0x00007ffb95510000 - 0x00007ffb95543000 	C:\WINDOWS\system32\rsaenh.dll
0x00007ffb96800000 - 0x00007ffb96826000 	C:\WINDOWS\System32\bcrypt.dll
0x00007ffb960b0000 - 0x00007ffb960d5000 	C:\WINDOWS\SYSTEM32\USERENV.dll
0x00007ffb95b70000 - 0x00007ffb95b7c000 	C:\WINDOWS\SYSTEM32\CRYPTBASE.dll
0x00007ffb956b0000 - 0x00007ffb956ea000 	C:\WINDOWS\SYSTEM32\IPHLPAPI.DLL
0x00007ffb98a50000 - 0x00007ffb98a58000 	C:\WINDOWS\System32\NSI.dll
0x00007ffb8c990000 - 0x00007ffb8c9a6000 	C:\WINDOWS\SYSTEM32\dhcpcsvc6.DLL
0x00007ffb8cf60000 - 0x00007ffb8cf7c000 	C:\WINDOWS\SYSTEM32\dhcpcsvc.DLL
0x00007ffb956f0000 - 0x00007ffb957ba000 	C:\WINDOWS\SYSTEM32\DNSAPI.dll

VM Arguments:
jvm_args: -Xmx1536m -Dfile.encoding=windows-1252 -Duser.country=IN -Duser.language=en -Duser.variant 
java_command: org.gradle.launcher.daemon.bootstrap.GradleDaemon 5.1.1
java_class_path (initial): C:\Users\Shivam Gaba\.gradle\wrapper\dists\gradle-5.1.1-all\97z1ksx6lirer3kbvdnh7jtjg\gradle-5.1.1\lib\gradle-launcher-5.1.1.jar
Launcher Type: SUN_STANDARD

Environment Variables:
JAVA_HOME=C:\Program Files\Java\jdk-12.0.1
PATH=C:\Program Files\Java\jdk-12.0.1\bin;C:\Windows\system32;C:\Windows;C:\Windows\System32\Wbem;C:\Windows\System32\WindowsPowerShell\v1.0\;C:\Windows\System32\OpenSSH\;C:\Program Files (x86)\NVIDIA Corporation\PhysX\Common;C:\Program Files\Java\jdk-12.0.1;C:\Program Files\Git\cmd;C:\WINDOWS\system32;C:\WINDOWS;C:\WINDOWS\System32\Wbem;C:\WINDOWS\System32\WindowsPowerShell\v1.0\;C:\WINDOWS\System32\OpenSSH\;C:\Users\Shivam Gaba\AppData\Local\GitHubDesktop\bin;%USERPROFILE%\AppData\Local\Microsoft\WindowsApps;
USERNAME=Shivam Gaba
OS=Windows_NT
PROCESSOR_IDENTIFIER=Intel64 Family 6 Model 142 Stepping 10, GenuineIntel



---------------  S Y S T E M  ---------------

OS: Windows 10.0 , 64 bit Build 18362 (10.0.18362.329)

CPU:total 8 (initial active 8) (4 cores per cpu, 2 threads per core) family 6 model 142 stepping 10, cmov, cx8, fxsr, mmx, sse, sse2, sse3, ssse3, sse4.1, sse4.2, popcnt, avx, avx2, aes, clmul, erms, 3dnowpref, lzcnt, ht, tsc, tscinvbit, bmi1, bmi2, adx

Memory: 4k page, physical 8295564k(1298488k free), swap 33461388k(4088k free)

vm_info: OpenJDK 64-Bit Server VM (25.152-b01) for windows-amd64 JRE (1.8.0_152-release-1343-b01), built by "builder" with MS VC++ 10.0 (VS2010)

time: Wed Jan 01 19:28:34 2020
elapsed time: 2 seconds (0d 0h 0m 2s)

